<?xml version="1.0" encoding="UTF-8"?>
<testng-results skipped="0" failed="0" ignored="0" total="1" passed="1">
  <reporter-output>
  </reporter-output>
  <suite name="Default suite" duration-ms="4662" started-at="2021-11-09T08:50:57Z" finished-at="2021-11-09T08:51:01Z">
    <groups>
    </groups>
    <test name="Default test" duration-ms="4662" started-at="2021-11-09T08:50:57Z" finished-at="2021-11-09T08:51:01Z">
      <class name="com.qa.rest.a9112021.GetAPi">
        <test-method status="PASS" signature="test123()[pri:0, instance:com.qa.rest.a9112021.GetAPi@12d3a4e9]" name="test123" duration-ms="4611" started-at="2021-11-09T08:50:57Z" finished-at="2021-11-09T08:51:01Z">
          <reporter-output>
          </reporter-output>
        </test-method> <!-- test123 -->
      </class> <!-- com.qa.rest.a9112021.GetAPi -->
    </test> <!-- Default test -->
  </suite> <!-- Default suite -->
</testng-results>
